1606748562642	mozrunner::runner	INFO	Running command: "/Applications/Firefox.app/Contents/MacOS/firefox-bin" "-marionette" "-foreground" "-no-remote" "-profile" "/var/folders/6y/3ssbhwxn209_d5jqc3v2_7hm0000gn/T/rust_mozprofilePsve6d"
console.warn: SearchSettings: "get: No settings file exists, new profile?" (new Error("", "(unknown module)"))
1606748565924	Marionette	INFO	Listening on port 53891
1606748565957	Marionette	WARN	TLS certificate errors will be ignored for this session
1606891110719	mozrunner::runner	INFO	Running command: "/Applications/Firefox.app/Contents/MacOS/firefox-bin" "-marionette" "-foreground" "-no-remote" "-profile" "/var/folders/6y/3ssbhwxn209_d5jqc3v2_7hm0000gn/T/rust_mozprofileE06Afj"
console.warn: SearchSettings: "get: No settings file exists, new profile?" (new Error("", "(unknown module)"))
1606891113181	Marionette	INFO	Listening on port 51040
1606891113303	Marionette	WARN	TLS certificate errors will be ignored for this session
1606891222250	mozrunner::runner	INFO	Running command: "/Applications/Firefox.app/Contents/MacOS/firefox-bin" "-marionette" "-foreground" "-no-remote" "-profile" "/var/folders/6y/3ssbhwxn209_d5jqc3v2_7hm0000gn/T/rust_mozprofileGy1rW7"
console.warn: SearchSettings: "get: No settings file exists, new profile?" (new Error("", "(unknown module)"))
1606891224712	Marionette	INFO	Listening on port 51161
1606891224835	Marionette	WARN	TLS certificate errors will be ignored for this session
console.error: Region.jsm: "Error fetching region" (new Error("TIMEOUT", "resource://gre/modules/Region.jsm", 726))
console.error: Region.jsm: "Failed to fetch region" (new Error("TIMEOUT", "resource://gre/modules/Region.jsm", 376))
1606891288065	mozrunner::runner	INFO	Running command: "/Applications/Firefox.app/Contents/MacOS/firefox-bin" "-marionette" "-foreground" "-no-remote" "-profile" "/var/folders/6y/3ssbhwxn209_d5jqc3v2_7hm0000gn/T/rust_mozprofileXnfRD7"
console.warn: SearchSettings: "get: No settings file exists, new profile?" (new Error("", "(unknown module)"))
1606891290503	Marionette	INFO	Listening on port 51277
1606891290552	Marionette	WARN	TLS certificate errors will be ignored for this session
console.error: services.settings: 
  security-state/intermediates Signature failed  TypeError: NetworkError when attempting to fetch resource.
console.error: services.settings: 
  Message: TypeError: NetworkError when attempting to fetch resource.
1606892055816	mozrunner::runner	INFO	Running command: "/Applications/Firefox.app/Contents/MacOS/firefox-bin" "-marionette" "-foreground" "-no-remote" "-profile" "/var/folders/6y/3ssbhwxn209_d5jqc3v2_7hm0000gn/T/rust_mozprofile08g5bc"
console.warn: SearchSettings: "get: No settings file exists, new profile?" (new Error("", "(unknown module)"))
1606892058407	Marionette	INFO	Listening on port 51713
1606892058505	Marionette	WARN	TLS certificate errors will be ignored for this session
1606892129239	mozrunner::runner	INFO	Running command: "/Applications/Firefox.app/Contents/MacOS/firefox-bin" "-marionette" "-foreground" "-no-remote" "-profile" "/var/folders/6y/3ssbhwxn209_d5jqc3v2_7hm0000gn/T/rust_mozprofileh6Qu0i"
console.warn: SearchSettings: "get: No settings file exists, new profile?" (new Error("", "(unknown module)"))
1606892131732	Marionette	INFO	Listening on port 51832
1606892131845	Marionette	WARN	TLS certificate errors will be ignored for this session
1606893670509	mozrunner::runner	INFO	Running command: "/Applications/Firefox.app/Contents/MacOS/firefox-bin" "-marionette" "-foreground" "-no-remote" "-profile" "/var/folders/6y/3ssbhwxn209_d5jqc3v2_7hm0000gn/T/rust_mozprofilexMoryo"
console.warn: SearchSettings: "get: No settings file exists, new profile?" (new Error("", "(unknown module)"))
1606893674026	Marionette	INFO	Listening on port 52217
1606893674155	Marionette	WARN	TLS certificate errors will be ignored for this session
